2024-11-13 21:07:03,686 - INFO - collecting all words and their counts
2024-11-13 21:07:03,687 - INFO - PROGRESS: at sentence #0, processed 0 words, keeping 0 word types
2024-11-13 21:07:03,701 - INFO - collected 7812 word types from a corpus of 73847 raw words and 3901 sentences
2024-11-13 21:07:03,701 - INFO - Creating a fresh vocabulary
2024-11-13 21:07:03,726 - INFO - FastText lifecycle event {'msg': 'effective_min_count=1 retains 7812 unique words (100.00% of original 7812, drops 0)', 'datetime': '2024-11-13T21:07:03.723037', 'gensim': '4.3.3', 'python': '3.12.7 (main, Oct  3 2024, 15:15:22) [GCC 14.2.0]', 'platform': 'Linux-6.11.0-9-generic-x86_64-with-glibc2.40', 'event': 'prepare_vocab'}
2024-11-13 21:07:03,727 - INFO - FastText lifecycle event {'msg': 'effective_min_count=1 leaves 73847 word corpus (100.00% of original 73847, drops 0)', 'datetime': '2024-11-13T21:07:03.727092', 'gensim': '4.3.3', 'python': '3.12.7 (main, Oct  3 2024, 15:15:22) [GCC 14.2.0]', 'platform': 'Linux-6.11.0-9-generic-x86_64-with-glibc2.40', 'event': 'prepare_vocab'}
2024-11-13 21:07:03,788 - INFO - deleting the raw counts dictionary of 7812 items
2024-11-13 21:07:03,790 - INFO - sample=0.001 downsamples 63 most-common words
2024-11-13 21:07:03,791 - INFO - FastText lifecycle event {'msg': 'downsampling leaves estimated 56304.927258319854 word corpus (76.2%% of prior 73847)', 'datetime': '2024-11-13T21:07:03.791238', 'gensim': '4.3.3', 'python': '3.12.7 (main, Oct  3 2024, 15:15:22) [GCC 14.2.0]', 'platform': 'Linux-6.11.0-9-generic-x86_64-with-glibc2.40', 'event': 'prepare_vocab'}
2024-11-13 21:07:03,984 - INFO - estimated required memory for 7812 words, 2000000 buckets and 50 dimensions: 408420592 bytes
2024-11-13 21:07:03,984 - INFO - resetting layer weights
2024-11-13 21:07:04,969 - INFO - FastText lifecycle event {'update': False, 'trim_rule': 'None', 'datetime': '2024-11-13T21:07:04.969320', 'gensim': '4.3.3', 'python': '3.12.7 (main, Oct  3 2024, 15:15:22) [GCC 14.2.0]', 'platform': 'Linux-6.11.0-9-generic-x86_64-with-glibc2.40', 'event': 'build_vocab'}
2024-11-13 21:07:04,969 - INFO - FastText lifecycle event {'msg': 'training model with 3 workers on 7812 vocabulary and 50 features, using sg=0 hs=0 sample=0.001 negative=5 window=3 shrink_windows=True', 'datetime': '2024-11-13T21:07:04.969600', 'gensim': '4.3.3', 'python': '3.12.7 (main, Oct  3 2024, 15:15:22) [GCC 14.2.0]', 'platform': 'Linux-6.11.0-9-generic-x86_64-with-glibc2.40', 'event': 'train'}
2024-11-13 21:07:05,127 - INFO - EPOCH 0: training on 73847 raw words (56316 effective words) took 0.2s, 367458 effective words/s
2024-11-13 21:07:05,279 - INFO - EPOCH 1: training on 73847 raw words (56487 effective words) took 0.1s, 379464 effective words/s
2024-11-13 21:07:05,432 - INFO - EPOCH 2: training on 73847 raw words (56317 effective words) took 0.1s, 377296 effective words/s
2024-11-13 21:07:05,581 - INFO - EPOCH 3: training on 73847 raw words (56172 effective words) took 0.1s, 386510 effective words/s
2024-11-13 21:07:05,729 - INFO - EPOCH 4: training on 73847 raw words (56359 effective words) took 0.1s, 388878 effective words/s
2024-11-13 21:07:05,729 - INFO - FastText lifecycle event {'msg': 'training on 369235 raw words (281651 effective words) took 0.8s, 370663 effective words/s', 'datetime': '2024-11-13T21:07:05.729628', 'gensim': '4.3.3', 'python': '3.12.7 (main, Oct  3 2024, 15:15:22) [GCC 14.2.0]', 'platform': 'Linux-6.11.0-9-generic-x86_64-with-glibc2.40', 'event': 'train'}
2024-11-13 21:07:05,929 - INFO - FastText lifecycle event {'params': 'FastText<vocab=7812, vector_size=50, alpha=0.025>', 'datetime': '2024-11-13T21:07:05.929840', 'gensim': '4.3.3', 'python': '3.12.7 (main, Oct  3 2024, 15:15:22) [GCC 14.2.0]', 'platform': 'Linux-6.11.0-9-generic-x86_64-with-glibc2.40', 'event': 'created'}
2024-11-13 21:07:12,189 - INFO - Epoch 1/10, Train Loss: 0.4966
2024-11-13 21:07:16,691 - INFO - Epoch 2/10, Train Loss: 0.3764
2024-11-13 21:07:22,228 - INFO - Epoch 3/10, Train Loss: 0.3209
2024-11-13 21:07:26,958 - INFO - Epoch 4/10, Train Loss: 0.2710
2024-11-13 21:07:29,147 - INFO - Epoch 5/10, Train Loss: 0.2527
2024-11-13 21:07:32,123 - INFO - Epoch 6/10, Train Loss: 0.2410
2024-11-13 21:07:36,851 - INFO - Epoch 7/10, Train Loss: 0.2313
2024-11-13 21:07:42,225 - INFO - Epoch 8/10, Train Loss: 0.2219
2024-11-13 21:07:47,806 - INFO - Epoch 9/10, Train Loss: 0.2177
2024-11-13 21:07:52,765 - INFO - Epoch 10/10, Train Loss: 0.2117
2024-11-13 21:28:59,332 - WARNING - Using the latest cached version of the dataset since ucirvine/sms_spam couldn't be found on the Hugging Face Hub
2024-11-13 21:28:59,336 - WARNING - Found the latest cached dataset configuration 'plain_text' at /home/karimov/.cache/huggingface/datasets/ucirvine___sms_spam/plain_text/0.0.0/cae486f927c250fe1d4a5b55f11357964ed1646c (last modified on Thu Nov  7 00:56:25 2024).
2024-11-13 21:29:00,318 - INFO - collecting all words and their counts
2024-11-13 21:29:00,319 - INFO - PROGRESS: at sentence #0, processed 0 words, keeping 0 word types
2024-11-13 21:29:00,341 - INFO - collected 7812 word types from a corpus of 73847 raw words and 3901 sentences
2024-11-13 21:29:00,342 - INFO - Creating a fresh vocabulary
2024-11-13 21:29:00,382 - INFO - FastText lifecycle event {'msg': 'effective_min_count=1 retains 7812 unique words (100.00% of original 7812, drops 0)', 'datetime': '2024-11-13T21:29:00.373979', 'gensim': '4.3.3', 'python': '3.12.7 (main, Oct  3 2024, 15:15:22) [GCC 14.2.0]', 'platform': 'Linux-6.11.0-9-generic-x86_64-with-glibc2.40', 'event': 'prepare_vocab'}
2024-11-13 21:29:00,383 - INFO - FastText lifecycle event {'msg': 'effective_min_count=1 leaves 73847 word corpus (100.00% of original 73847, drops 0)', 'datetime': '2024-11-13T21:29:00.383406', 'gensim': '4.3.3', 'python': '3.12.7 (main, Oct  3 2024, 15:15:22) [GCC 14.2.0]', 'platform': 'Linux-6.11.0-9-generic-x86_64-with-glibc2.40', 'event': 'prepare_vocab'}
2024-11-13 21:29:00,439 - INFO - deleting the raw counts dictionary of 7812 items
2024-11-13 21:29:00,440 - INFO - sample=0.001 downsamples 63 most-common words
2024-11-13 21:29:00,441 - INFO - FastText lifecycle event {'msg': 'downsampling leaves estimated 56304.927258319854 word corpus (76.2%% of prior 73847)', 'datetime': '2024-11-13T21:29:00.441111', 'gensim': '4.3.3', 'python': '3.12.7 (main, Oct  3 2024, 15:15:22) [GCC 14.2.0]', 'platform': 'Linux-6.11.0-9-generic-x86_64-with-glibc2.40', 'event': 'prepare_vocab'}
2024-11-13 21:29:00,563 - INFO - estimated required memory for 7812 words, 2000000 buckets and 50 dimensions: 408420592 bytes
2024-11-13 21:29:00,563 - INFO - resetting layer weights
2024-11-13 21:29:01,985 - INFO - FastText lifecycle event {'update': False, 'trim_rule': 'None', 'datetime': '2024-11-13T21:29:01.985295', 'gensim': '4.3.3', 'python': '3.12.7 (main, Oct  3 2024, 15:15:22) [GCC 14.2.0]', 'platform': 'Linux-6.11.0-9-generic-x86_64-with-glibc2.40', 'event': 'build_vocab'}
2024-11-13 21:29:01,985 - INFO - FastText lifecycle event {'msg': 'training model with 3 workers on 7812 vocabulary and 50 features, using sg=0 hs=0 sample=0.001 negative=5 window=3 shrink_windows=True', 'datetime': '2024-11-13T21:29:01.985719', 'gensim': '4.3.3', 'python': '3.12.7 (main, Oct  3 2024, 15:15:22) [GCC 14.2.0]', 'platform': 'Linux-6.11.0-9-generic-x86_64-with-glibc2.40', 'event': 'train'}
2024-11-13 21:29:02,202 - INFO - EPOCH 0: training on 73847 raw words (56315 effective words) took 0.2s, 265266 effective words/s
2024-11-13 21:29:02,379 - INFO - EPOCH 1: training on 73847 raw words (56487 effective words) took 0.2s, 328670 effective words/s
2024-11-13 21:29:02,587 - INFO - EPOCH 2: training on 73847 raw words (56371 effective words) took 0.2s, 274679 effective words/s
2024-11-13 21:29:02,818 - INFO - EPOCH 3: training on 73847 raw words (56335 effective words) took 0.2s, 249293 effective words/s
2024-11-13 21:29:03,045 - INFO - EPOCH 4: training on 73847 raw words (56291 effective words) took 0.2s, 255100 effective words/s
2024-11-13 21:29:03,045 - INFO - FastText lifecycle event {'msg': 'training on 369235 raw words (281799 effective words) took 1.1s, 265974 effective words/s', 'datetime': '2024-11-13T21:29:03.045474', 'gensim': '4.3.3', 'python': '3.12.7 (main, Oct  3 2024, 15:15:22) [GCC 14.2.0]', 'platform': 'Linux-6.11.0-9-generic-x86_64-with-glibc2.40', 'event': 'train'}
2024-11-13 21:29:03,432 - INFO - FastText lifecycle event {'params': 'FastText<vocab=7812, vector_size=50, alpha=0.025>', 'datetime': '2024-11-13T21:29:03.432414', 'gensim': '4.3.3', 'python': '3.12.7 (main, Oct  3 2024, 15:15:22) [GCC 14.2.0]', 'platform': 'Linux-6.11.0-9-generic-x86_64-with-glibc2.40', 'event': 'created'}
2024-11-13 21:29:12,088 - INFO - Epoch 1/10, Train Loss: 0.4863
2024-11-13 21:29:18,133 - INFO - Epoch 2/10, Train Loss: 0.3711
2024-11-13 21:29:24,499 - INFO - Epoch 3/10, Train Loss: 0.3018
2024-11-13 21:29:30,754 - INFO - Epoch 4/10, Train Loss: 0.2708
2024-11-13 21:29:36,800 - INFO - Epoch 5/10, Train Loss: 0.2586
2024-11-13 21:29:43,075 - INFO - Epoch 6/10, Train Loss: 0.2490
2024-11-13 21:29:48,678 - INFO - Epoch 7/10, Train Loss: 0.2475
2024-11-13 21:29:54,507 - INFO - Epoch 8/10, Train Loss: 0.2402
2024-11-13 21:30:00,506 - INFO - Epoch 9/10, Train Loss: 0.2350
2024-11-13 21:30:04,986 - INFO - Epoch 10/10, Train Loss: 0.2391
2024-11-13 21:33:08,460 - INFO - collecting all words and their counts
2024-11-13 21:33:08,780 - INFO - PROGRESS: at sentence #0, processed 0 words, keeping 0 word types
2024-11-13 21:33:08,809 - INFO - collected 7812 word types from a corpus of 73847 raw words and 3901 sentences
2024-11-13 21:33:08,810 - INFO - Creating a fresh vocabulary
2024-11-13 21:33:08,840 - INFO - FastText lifecycle event {'msg': 'effective_min_count=1 retains 7812 unique words (100.00% of original 7812, drops 0)', 'datetime': '2024-11-13T21:33:08.838240', 'gensim': '4.3.3', 'python': '3.12.7 (main, Oct  3 2024, 15:15:22) [GCC 14.2.0]', 'platform': 'Linux-6.11.0-9-generic-x86_64-with-glibc2.40', 'event': 'prepare_vocab'}
2024-11-13 21:33:08,840 - INFO - FastText lifecycle event {'msg': 'effective_min_count=1 leaves 73847 word corpus (100.00% of original 73847, drops 0)', 'datetime': '2024-11-13T21:33:08.840415', 'gensim': '4.3.3', 'python': '3.12.7 (main, Oct  3 2024, 15:15:22) [GCC 14.2.0]', 'platform': 'Linux-6.11.0-9-generic-x86_64-with-glibc2.40', 'event': 'prepare_vocab'}
2024-11-13 21:33:08,915 - INFO - deleting the raw counts dictionary of 7812 items
2024-11-13 21:33:08,916 - INFO - sample=0.001 downsamples 63 most-common words
2024-11-13 21:33:08,916 - INFO - FastText lifecycle event {'msg': 'downsampling leaves estimated 56304.927258319854 word corpus (76.2%% of prior 73847)', 'datetime': '2024-11-13T21:33:08.916309', 'gensim': '4.3.3', 'python': '3.12.7 (main, Oct  3 2024, 15:15:22) [GCC 14.2.0]', 'platform': 'Linux-6.11.0-9-generic-x86_64-with-glibc2.40', 'event': 'prepare_vocab'}
2024-11-13 21:33:09,162 - INFO - estimated required memory for 7812 words, 2000000 buckets and 50 dimensions: 408420592 bytes
2024-11-13 21:33:09,164 - INFO - resetting layer weights
2024-11-13 21:33:12,658 - INFO - FastText lifecycle event {'update': False, 'trim_rule': 'None', 'datetime': '2024-11-13T21:33:12.658807', 'gensim': '4.3.3', 'python': '3.12.7 (main, Oct  3 2024, 15:15:22) [GCC 14.2.0]', 'platform': 'Linux-6.11.0-9-generic-x86_64-with-glibc2.40', 'event': 'build_vocab'}
2024-11-13 21:33:12,756 - INFO - FastText lifecycle event {'msg': 'training model with 3 workers on 7812 vocabulary and 50 features, using sg=0 hs=0 sample=0.001 negative=5 window=3 shrink_windows=True', 'datetime': '2024-11-13T21:33:12.756498', 'gensim': '4.3.3', 'python': '3.12.7 (main, Oct  3 2024, 15:15:22) [GCC 14.2.0]', 'platform': 'Linux-6.11.0-9-generic-x86_64-with-glibc2.40', 'event': 'train'}
2024-11-13 21:33:13,268 - INFO - EPOCH 0: training on 73847 raw words (56325 effective words) took 0.5s, 111216 effective words/s
2024-11-13 21:33:13,674 - INFO - EPOCH 1: training on 73847 raw words (56161 effective words) took 0.4s, 140858 effective words/s
2024-11-13 21:33:13,914 - INFO - EPOCH 2: training on 73847 raw words (56270 effective words) took 0.2s, 240213 effective words/s
2024-11-13 21:33:14,202 - INFO - EPOCH 3: training on 73847 raw words (56383 effective words) took 0.3s, 199036 effective words/s
2024-11-13 21:33:14,486 - INFO - EPOCH 4: training on 73847 raw words (56422 effective words) took 0.3s, 203033 effective words/s
2024-11-13 21:33:14,487 - INFO - FastText lifecycle event {'msg': 'training on 369235 raw words (281561 effective words) took 1.7s, 162706 effective words/s', 'datetime': '2024-11-13T21:33:14.487440', 'gensim': '4.3.3', 'python': '3.12.7 (main, Oct  3 2024, 15:15:22) [GCC 14.2.0]', 'platform': 'Linux-6.11.0-9-generic-x86_64-with-glibc2.40', 'event': 'train'}
2024-11-13 21:33:14,854 - INFO - FastText lifecycle event {'params': 'FastText<vocab=7812, vector_size=50, alpha=0.025>', 'datetime': '2024-11-13T21:33:14.854768', 'gensim': '4.3.3', 'python': '3.12.7 (main, Oct  3 2024, 15:15:22) [GCC 14.2.0]', 'platform': 'Linux-6.11.0-9-generic-x86_64-with-glibc2.40', 'event': 'created'}
2024-11-13 21:33:21,834 - INFO - Epoch 1/10, Train Loss: 0.4631
2024-11-13 21:33:24,806 - INFO - Epoch 2/10, Train Loss: 0.3712
2024-11-13 21:33:28,243 - INFO - Epoch 3/10, Train Loss: 0.3007
2024-11-13 21:33:31,073 - INFO - Epoch 4/10, Train Loss: 0.2624
2024-11-13 21:33:34,467 - INFO - Epoch 5/10, Train Loss: 0.2425
2024-11-13 21:33:38,146 - INFO - Epoch 6/10, Train Loss: 0.2325
2024-11-13 21:33:41,780 - INFO - Epoch 7/10, Train Loss: 0.2258
2024-11-13 21:33:46,481 - INFO - Epoch 8/10, Train Loss: 0.2192
2024-11-13 21:33:50,768 - INFO - Epoch 9/10, Train Loss: 0.2179
2024-11-13 21:33:57,685 - INFO - Epoch 10/10, Train Loss: 0.2133
2024-11-13 21:51:15,852 - INFO - collecting all words and their counts
2024-11-13 21:51:15,969 - INFO - PROGRESS: at sentence #0, processed 0 words, keeping 0 word types
2024-11-13 21:51:15,980 - INFO - collected 7812 word types from a corpus of 73847 raw words and 3901 sentences
2024-11-13 21:51:15,981 - INFO - Creating a fresh vocabulary
2024-11-13 21:51:16,009 - INFO - FastText lifecycle event {'msg': 'effective_min_count=1 retains 7812 unique words (100.00% of original 7812, drops 0)', 'datetime': '2024-11-13T21:51:16.000144', 'gensim': '4.3.3', 'python': '3.12.7 (main, Oct  3 2024, 15:15:22) [GCC 14.2.0]', 'platform': 'Linux-6.11.0-9-generic-x86_64-with-glibc2.40', 'event': 'prepare_vocab'}
2024-11-13 21:51:16,009 - INFO - FastText lifecycle event {'msg': 'effective_min_count=1 leaves 73847 word corpus (100.00% of original 73847, drops 0)', 'datetime': '2024-11-13T21:51:16.009667', 'gensim': '4.3.3', 'python': '3.12.7 (main, Oct  3 2024, 15:15:22) [GCC 14.2.0]', 'platform': 'Linux-6.11.0-9-generic-x86_64-with-glibc2.40', 'event': 'prepare_vocab'}
2024-11-13 21:51:16,043 - INFO - deleting the raw counts dictionary of 7812 items
2024-11-13 21:51:16,044 - INFO - sample=0.001 downsamples 63 most-common words
2024-11-13 21:51:16,044 - INFO - FastText lifecycle event {'msg': 'downsampling leaves estimated 56304.927258319854 word corpus (76.2%% of prior 73847)', 'datetime': '2024-11-13T21:51:16.044657', 'gensim': '4.3.3', 'python': '3.12.7 (main, Oct  3 2024, 15:15:22) [GCC 14.2.0]', 'platform': 'Linux-6.11.0-9-generic-x86_64-with-glibc2.40', 'event': 'prepare_vocab'}
2024-11-13 21:51:16,143 - INFO - estimated required memory for 7812 words, 2000000 buckets and 50 dimensions: 408420592 bytes
2024-11-13 21:51:16,143 - INFO - resetting layer weights
2024-11-13 21:51:17,573 - INFO - FastText lifecycle event {'update': False, 'trim_rule': 'None', 'datetime': '2024-11-13T21:51:17.573734', 'gensim': '4.3.3', 'python': '3.12.7 (main, Oct  3 2024, 15:15:22) [GCC 14.2.0]', 'platform': 'Linux-6.11.0-9-generic-x86_64-with-glibc2.40', 'event': 'build_vocab'}
2024-11-13 21:51:17,574 - INFO - FastText lifecycle event {'msg': 'training model with 3 workers on 7812 vocabulary and 50 features, using sg=0 hs=0 sample=0.001 negative=5 window=3 shrink_windows=True', 'datetime': '2024-11-13T21:51:17.574470', 'gensim': '4.3.3', 'python': '3.12.7 (main, Oct  3 2024, 15:15:22) [GCC 14.2.0]', 'platform': 'Linux-6.11.0-9-generic-x86_64-with-glibc2.40', 'event': 'train'}
2024-11-13 21:51:17,745 - INFO - EPOCH 0: training on 73847 raw words (56316 effective words) took 0.2s, 348874 effective words/s
2024-11-13 21:51:18,012 - INFO - EPOCH 1: training on 73847 raw words (56325 effective words) took 0.2s, 356976 effective words/s
2024-11-13 21:51:18,172 - INFO - EPOCH 2: training on 73847 raw words (56294 effective words) took 0.2s, 359329 effective words/s
2024-11-13 21:51:18,350 - INFO - EPOCH 3: training on 73847 raw words (56436 effective words) took 0.2s, 325011 effective words/s
2024-11-13 21:51:18,510 - INFO - EPOCH 4: training on 73847 raw words (56168 effective words) took 0.2s, 362058 effective words/s
2024-11-13 21:51:18,510 - INFO - FastText lifecycle event {'msg': 'training on 369235 raw words (281539 effective words) took 0.9s, 300834 effective words/s', 'datetime': '2024-11-13T21:51:18.510669', 'gensim': '4.3.3', 'python': '3.12.7 (main, Oct  3 2024, 15:15:22) [GCC 14.2.0]', 'platform': 'Linux-6.11.0-9-generic-x86_64-with-glibc2.40', 'event': 'train'}
2024-11-13 21:51:18,721 - INFO - FastText lifecycle event {'params': 'FastText<vocab=7812, vector_size=50, alpha=0.025>', 'datetime': '2024-11-13T21:51:18.721564', 'gensim': '4.3.3', 'python': '3.12.7 (main, Oct  3 2024, 15:15:22) [GCC 14.2.0]', 'platform': 'Linux-6.11.0-9-generic-x86_64-with-glibc2.40', 'event': 'created'}
2024-11-13 21:51:23,434 - INFO - Epoch 1/10, Train Loss: 0.4632
2024-11-13 21:51:25,207 - INFO - Epoch 2/10, Train Loss: 0.3659
2024-11-13 21:51:27,013 - INFO - Epoch 3/10, Train Loss: 0.2938
2024-11-13 21:51:28,828 - INFO - Epoch 4/10, Train Loss: 0.2667
2024-11-13 21:51:30,614 - INFO - Epoch 5/10, Train Loss: 0.2517
2024-11-13 21:51:32,399 - INFO - Epoch 6/10, Train Loss: 0.2443
2024-11-13 21:51:34,184 - INFO - Epoch 7/10, Train Loss: 0.2381
2024-11-13 21:51:35,986 - INFO - Epoch 8/10, Train Loss: 0.2335
2024-11-13 21:51:37,786 - INFO - Epoch 9/10, Train Loss: 0.2381
2024-11-13 21:51:39,625 - INFO - Epoch 10/10, Train Loss: 0.2229
